[2017-05-05 18:07:23][debug] access_token：JdbsrS-yusLmUPVFYA0REfjYImuVUtLzblvkMOww8FZI4d57kZ_Zd8f_YMQqKrJdEevqD1-LWvAOnF8GjyJwj0pppMTOUQuH4C5g8dOA5SM

[2017-05-05 18:07:23][debug] openid：o4aQ2wOUBrCArCw-GwIXws8TFBiw

[2017-05-05 18:07:23][debug] unionid：otxZTwTbLyA2Ohu2HIMt8Cz3Cl8Y

[2017-05-05 18:09:24][debug] access_token：uwcnFwo0JgL9q6Cy8_Io0LLJfCqh8Tjy5jYs0HBpYWz5qcYZLE5FvnZ04loVLUJ8Mcip-PT-teXaHfrdP0mNukAvaSbpUXiHHSV35h28lRY

[2017-05-05 18:09:24][debug] openid：o4aQ2wHtopFJ--BrsJ4LKhC2wbQo

[2017-05-05 18:09:24][debug] unionid：otxZTwXUlIfWxWOOWKo0Mn-6mSFU

[2017-05-05 18:11:36][debug] access_token：F0ZFAGwO3MI7wg3_ken0awKYVgvn8WpKcqClZzL3zUB-PSJcry6uVBHn4s9CLmgSjoYwwvmQswzgd1JZvAQT2R0Dtreimg_nLTt_EDSchJw

[2017-05-05 18:11:36][debug] openid：o4aQ2wHtopFJ--BrsJ4LKhC2wbQo

[2017-05-05 18:11:36][debug] unionid：otxZTwXUlIfWxWOOWKo0Mn-6mSFU

[2017-05-05 18:14:47][debug] access_token：dFUyf5ENBwI2EUNU8TYDxpbO5vikhs2lKy71G4-R7mASonugqP73y9_YkOHpT3iWVFYn_PK1Yw8cRgi0DJOsOtOhREFDWOq1Lox6L53ynx4

[2017-05-05 18:14:47][debug] openid：o4aQ2wHtopFJ--BrsJ4LKhC2wbQo

[2017-05-05 18:14:47][debug] unionid：otxZTwXUlIfWxWOOWKo0Mn-6mSFU

[2017-05-05 18:15:18][debug] access_token：e10BXCk-hbI9ctKZQ5MfoQDp8-o0s47tWIVucbWcAkpvJo7MUNfrU82_sy1FvHU0njbOkT5leyW0iEno4oLv9ywjGYOGCvPSQwVqx0zGAYM

[2017-05-05 18:15:18][debug] openid：o4aQ2wHtopFJ--BrsJ4LKhC2wbQo

[2017-05-05 18:15:18][debug] unionid：otxZTwXUlIfWxWOOWKo0Mn-6mSFU

[2017-05-05 18:16:38][debug] access_token：6bD_kJzXzKdfZDO-dWknOuuiQJlZtUZQraIs5E50F4b0kLdk0DXqrkGVUEzN5C7S6zpesTWdTM6tInhFEyD21yRDV6bpAc5zmxaTAU7_W9s

[2017-05-05 18:16:38][debug] openid：o4aQ2wHtopFJ--BrsJ4LKhC2wbQo

[2017-05-05 18:16:38][debug] unionid：otxZTwXUlIfWxWOOWKo0Mn-6mSFU

[2017-05-05 18:18:03][debug] access_token：jUnRVxssfD8-X-v_z0NKuZy1PbRsFfw1OXzMEcFp4un-Amn3QSk9jOZkFEzz2Nhu8ExNhqQxbq1TDrJ6dWM3B5AxRP1QlOfA_Ti3SW0g1so

[2017-05-05 18:18:03][debug] openid：o4aQ2wHtopFJ--BrsJ4LKhC2wbQo

[2017-05-05 18:18:03][debug] unionid：otxZTwXUlIfWxWOOWKo0Mn-6mSFU

[2017-05-05 18:18:37][debug] access_token：4MXzK51TkWVe9b4_7RVgig-6xgbgpPZJJL43T8YdO3T1NO2U9Cj2OejtoV0A2EQjcaS61xjp6bNYCn2B0PwU45BwFzImENtDy_4I6ninjCg

[2017-05-05 18:18:37][debug] openid：o4aQ2wHtopFJ--BrsJ4LKhC2wbQo

[2017-05-05 18:18:37][debug] unionid：otxZTwXUlIfWxWOOWKo0Mn-6mSFU

[2017-05-05 18:18:58][debug] access_token：8CCdbidQaAC5pm4Q4DukFjDnB99oa7aUS55C6XBEUqYp7jpSVE3yyDAp9PX9rjWxXbrPhZkQ-AAU1DFwHk6tdlnrNDw1Dq3Sujv9JumEWms

[2017-05-05 18:18:58][debug] openid：o4aQ2wHtopFJ--BrsJ4LKhC2wbQo

[2017-05-05 18:18:58][debug] unionid：otxZTwXUlIfWxWOOWKo0Mn-6mSFU

[2017-05-05 18:19:51][debug] access_token：dp4f6yI1vHUsKVdg6qNGZ1-0ZvHd1sx52TdMA4pkj9GlW1UI068QhI90vD5FwLPl2tlGV4Z7PCTS9AYx5hOpqdsIaKpa-gEqrZTw-s6Uh34

[2017-05-05 18:19:51][debug] openid：o4aQ2wOUBrCArCw-GwIXws8TFBiw

[2017-05-05 18:19:51][debug] unionid：otxZTwTbLyA2Ohu2HIMt8Cz3Cl8Y

[2017-05-05 18:20:19][debug] access_token：WHFMgYBLSktBa6rUlm6oCvm2417pqlWG28Mump3Fpn-_V4wBJC7zh55Ihbx25z5FInQVCOrTkYYnunQipROvbGHoT8dlIdGuj8JOFAHeobA

[2017-05-05 18:20:19][debug] openid：o4aQ2wOUBrCArCw-GwIXws8TFBiw

[2017-05-05 18:20:19][debug] unionid：otxZTwTbLyA2Ohu2HIMt8Cz3Cl8Y

[2017-05-05 18:21:04][debug] access_token：ij4CL4BXBfqII29UiGOa2cfj-7PUIW2DmyDI-dILgNIsVGxcGekQ0oHV-o6fwU5ellGmgT1Bh-f76kzDkTCKUxM46HON0-inu6h4--6QM8s

[2017-05-05 18:21:04][debug] openid：o4aQ2wHtopFJ--BrsJ4LKhC2wbQo

[2017-05-05 18:21:04][debug] unionid：otxZTwXUlIfWxWOOWKo0Mn-6mSFU

